<?xml version="1.0" encoding="UTF-8"?>
<!-- Generated by org.testng.reporters.JUnitReportReporter -->
<testsuite hostname="LAPTOP-42QT06F9" failures="0" tests="1" name="testCases.TC_002_LoginTest" time="2.838" errors="0" timestamp="2025-03-15T19:26:10 IST" skipped="0">
  <testcase classname="testCases.TC_002_LoginTest" name="verify_login" time="2.838"/>
</testsuite> <!-- testCases.TC_002_LoginTest -->
