<?xml version="1.0" encoding="UTF-8"?>
<!-- Generated by org.testng.reporters.JUnitReportReporter -->
<testsuite hostname="LAPTOP-42QT06F9" failures="0" tests="1" name="testCases.TC002_LoginTest" time="2.206" errors="0" timestamp="2025-03-23T17:47:16 IST" skipped="0">
  <testcase classname="testCases.TC002_LoginTest" name="verify_login" time="2.206"/>
</testsuite> <!-- testCases.TC002_LoginTest -->
