<?xml version="1.0" encoding="UTF-8"?>
<!-- Generated by org.testng.reporters.JUnitReportReporter -->
<testsuite hostname="LAPTOP-42QT06F9" failures="0" tests="1" name="testCases.TC001_AccountRegistrationTest" time="4.278" errors="0" timestamp="2025-03-23T19:25:19 IST" skipped="0">
  <testcase classname="testCases.TC001_AccountRegistrationTest" name="verify_account_registration" time="4.278"/>
</testsuite> <!-- testCases.TC001_AccountRegistrationTest -->
