<?xml version="1.0" encoding="UTF-8"?>
<!-- Generated by org.testng.reporters.JUnitReportReporter -->
<testsuite hostname="LAPTOP-42QT06F9" failures="0" tests="1" name="testCases.TC002_LoginTest" time="2.086" errors="0" timestamp="2025-03-21T15:23:35 IST" skipped="0">
  <testcase classname="testCases.TC002_LoginTest" name="verify_login" time="2.086"/>
</testsuite> <!-- testCases.TC002_LoginTest -->
