<?xml version="1.0" encoding="UTF-8"?>
<!-- Generated by org.testng.reporters.JUnitReportReporter -->
<testsuite hostname="LAPTOP-42QT06F9" failures="0" tests="1" name="testCases.TC001_AccountRegistrationTest" time="5.153" errors="0" timestamp="2025-03-21T15:23:35 IST" skipped="0">
  <testcase classname="testCases.TC001_AccountRegistrationTest" name="verify_account_registration" time="5.153"/>
</testsuite> <!-- testCases.TC001_AccountRegistrationTest -->
